#
# There is insufficient memory for the Java Runtime Environment to continue.
# Native memory allocation (malloc) failed to allocate 32744 bytes for ChunkPool::allocate
# Possible reasons:
#   The system is out of physical RAM or swap space
#   The process is running with CompressedOops enabled, and the Java Heap may be blocking the growth of the native heap
# Possible solutions:
#   Reduce memory load on the system
#   Increase physical memory or swap space
#   Check if swap backing store is full
#   Decrease Java heap size (-Xmx/-Xms)
#   Decrease number of Java threads
#   Decrease Java thread stack sizes (-Xss)
#   Set larger code cache with -XX:ReservedCodeCacheSize=
#   JVM is running with Unscaled Compressed Oops mode in which the Java heap is
#     placed in the first 4GB address space. The Java Heap base address is the
#     maximum limit for the native heap growth. Please use -XX:HeapBaseMinAddress
#     to set the Java Heap base and to place the Java Heap above 4GB virtual address.
# This output file may be truncated or incomplete.
#
#  Out of Memory Error (./open/src/hotspot/share/memory/arena.cpp:79), pid=3940, tid=12540
#
# JRE version: OpenJDK Runtime Environment (15.0.1+9) (build 15.0.1+9-18)
# Java VM: OpenJDK 64-Bit Server VM (15.0.1+9-18, mixed mode, tiered, compressed oops, g1 gc, windows-amd64)
# No core dump will be written. Minidumps are not enabled by default on client versions of Windows
#

---------------  S U M M A R Y ------------

Command Line: -Dcom.sun.management.jmxremote -Dcom.sun.management.jmxremote.port=55608 -Dcom.sun.management.jmxremote.authenticate=false -Dcom.sun.management.jmxremote.ssl=false -Djava.rmi.server.hostname=localhost -Dspring.jmx.enabled=true -Dspring.application.admin.enabled=true -XX:TieredStopAtLevel=1 -Dspring.boot.project.name=es.dispatcher.qubist.prc.service -Dfile.encoding=UTF-8 -XX:+ShowCodeDetailsInExceptionMessages com.dispatcher.Application --spring.output.ansi.enabled=always

Host: AMD A4-9120e RADEON R3, 4 COMPUTE CORES 2C+2G  , 2 cores, 3G,  Windows 10 , 64 bit Build 19041 (10.0.19041.1023)
Time: Fri Jul  2 10:20:25 2021 Bangladesh Standard Time elapsed time: 44.485623 seconds (0d 0h 0m 44s)

---------------  T H R E A D  ---------------

Current thread (0x000002037c133700):  JavaThread "RMI TCP Connection(4)-127.0.0.1" daemon [_thread_in_vm, id=12540, stack(0x00000003b0a00000,0x00000003b0b00000)]

Stack: [0x00000003b0a00000,0x00000003b0b00000]
Native frames: (J=compiled Java code, j=interpreted, Vv=VM code, C=native code)
V  [jvm.dll+0x62ae9a]
V  [jvm.dll+0x781389]
V  [jvm.dll+0x782ae3]
V  [jvm.dll+0x783143]
V  [jvm.dll+0x216265]
V  [jvm.dll+0x9828f]
V  [jvm.dll+0x985dc]
V  [jvm.dll+0x6b758b]
V  [jvm.dll+0x6b8c67]
V  [jvm.dll+0x6b985f]
V  [jvm.dll+0x6b9a3e]
V  [jvm.dll+0x358959]
V  [jvm.dll+0x35a250]
V  [jvm.dll+0x3ec412]
C  0x00000203673df0f7

Java frames: (J=compiled Java code, j=interpreted, Vv=VM code)
j  java.lang.StackTraceElement.initStackTraceElements([Ljava/lang/StackTraceElement;Ljava/lang/Throwable;)V+0 java.base@15.0.1
J 4507 c1 java.lang.StackTraceElement.of(Ljava/lang/Throwable;I)[Ljava/lang/StackTraceElement; java.base@15.0.1 (68 bytes) @ 0x0000020368109ffc [0x0000020368109e40+0x00000000000001bc]
j  java.lang.Throwable.getOurStackTrace()[Ljava/lang/StackTraceElement;+30 java.base@15.0.1
j  java.lang.Throwable.writeObject(Ljava/io/ObjectOutputStream;)V+1 java.base@15.0.1
j  jdk.internal.reflect.GeneratedMethodAccessor6.invoke(Ljava/lang/Object;[Ljava/lang/Object;)Ljava/lang/Object;+40 java.base@15.0.1
J 2129 c1 jdk.internal.reflect.DelegatingMethodAccessorImpl.invoke(Ljava/lang/Object;[Ljava/lang/Object;)Ljava/lang/Object; java.base@15.0.1 (10 bytes) @ 0x0000020367d064e4 [0x0000020367d064a0+0x0000000000000044]
J 2677 c1 java.io.ObjectStreamClass.invokeWriteObject(Ljava/lang/Object;Ljava/io/ObjectOutputStream;)V java.base@15.0.1 (79 bytes) @ 0x0000020367dd927c [0x0000020367dd9040+0x000000000000023c]
J 1615 c1 java.io.ObjectOutputStream.writeSerialData(Ljava/lang/Object;Ljava/io/ObjectStreamClass;)V java.base@15.0.1 (223 bytes) @ 0x0000020367c36ad4 [0x0000020367c36840+0x0000000000000294]
J 1613 c1 java.io.ObjectOutputStream.writeOrdinaryObject(Ljava/lang/Object;Ljava/io/ObjectStreamClass;Z)V java.base@15.0.1 (196 bytes) @ 0x0000020367c37a14 [0x0000020367c378a0+0x0000000000000174]
J 1197 c1 java.io.ObjectOutputStream.writeObject0(Ljava/lang/Object;Z)V java.base@15.0.1 (620 bytes) @ 0x0000020367b7a4cc [0x0000020367b79ba0+0x000000000000092c]
J 1801 c1 java.io.ObjectOutputStream.writeObject(Ljava/lang/Object;)V java.base@15.0.1 (38 bytes) @ 0x0000020367c809a4 [0x0000020367c80940+0x0000000000000064]
j  sun.rmi.server.UnicastServerRef.dispatch(Ljava/rmi/Remote;Ljava/rmi/server/RemoteCall;)V+433 java.rmi@15.0.1
j  sun.rmi.transport.Transport$1.run()Ljava/lang/Void;+23 java.rmi@15.0.1
j  sun.rmi.transport.Transport$1.run()Ljava/lang/Object;+1 java.rmi@15.0.1
J 1191 c1 java.security.AccessController.doPrivileged(Ljava/security/PrivilegedExceptionAction;Ljava/security/AccessControlContext;)Ljava/lang/Object; java.base@15.0.1 (26 bytes) @ 0x0000020367b77144 [0x0000020367b770e0+0x0000000000000064]
j  sun.rmi.transport.Transport.serviceCall(Ljava/rmi/server/RemoteCall;)Z+157 java.rmi@15.0.1
j  sun.rmi.transport.tcp.TCPTransport.handleMessages(Lsun/rmi/transport/Connection;Z)V+145 java.rmi@15.0.1
j  sun.rmi.transport.tcp.TCPTransport$ConnectionHandler.run0()V+522 java.rmi@15.0.1
j  sun.rmi.transport.tcp.TCPTransport$ConnectionHandler.lambda$run$0()Ljava/lang/Void;+1 java.rmi@15.0.1
j  sun.rmi.transport.tcp.TCPTransport$ConnectionHandler$$Lambda$107+0x0000000100139088.run()Ljava/lang/Object;+4 java.rmi@15.0.1
J 893 c1 java.security.AccessController.executePrivileged(Ljava/security/PrivilegedAction;Ljava/security/AccessControlContext;Ljava/lang/Class;)Ljava/lang/Object; java.base@15.0.1 (65 bytes) @ 0x0000020367b1498c [0x0000020367b14940+0x000000000000004c]
j  java.security.AccessController.doPrivileged(Ljava/security/PrivilegedAction;Ljava/security/AccessControlContext;)Ljava/lang/Object;+13 java.base@15.0.1
j  sun.rmi.transport.tcp.TCPTransport$ConnectionHandler.run()V+37 java.rmi@15.0.1
j  java.util.concurrent.ThreadPoolExecutor.runWorker(Ljava/util/concurrent/ThreadPoolExecutor$Worker;)V+92 java.base@15.0.1
j  java.util.concurrent.ThreadPoolExecutor$Worker.run()V+5 java.base@15.0.1
j  java.lang.Thread.run()V+11 java.base@15.0.1
v  ~StubRoutines::call_stub

---------------  P R O C E S S  ---------------

Threads class SMR info:
_java_thread_list=0x000002037d63d3a0, length=28, elements={
0x00000203621b6c30, 0x000002037b41e010, 0x000002037b421180, 0x000002037b4482b0,
0x000002037b448b70, 0x000002037b449530, 0x000002037b449ef0, 0x000002037b46e730,
0x000002037b38d190, 0x000002037b7b0b10, 0x000002037bfe00a0, 0x000002037bfe0870,
0x000002037bfd3020, 0x000002037bfdc810, 0x000002037bfc2b40, 0x000002037bfdf400,
0x000002037c0c2500, 0x000002037c133700, 0x000002037c133bd0, 0x000002037c132d60,
0x000002037c134570, 0x000002037c1353e0, 0x000002037ce45990, 0x000002037ce424a0,
0x000002037ce46cd0, 0x000002037ce41fd0, 0x000002037ce43cb0, 0x000002037ce3fe20
}

Java Threads: ( => current thread )
  0x00000203621b6c30 JavaThread "main" [_thread_blocked, id=10108, stack(0x00000003aef00000,0x00000003af000000)]
  0x000002037b41e010 JavaThread "Reference Handler" daemon [_thread_blocked, id=12436, stack(0x00000003af600000,0x00000003af700000)]
  0x000002037b421180 JavaThread "Finalizer" daemon [_thread_blocked, id=12416, stack(0x00000003af700000,0x00000003af800000)]
  0x000002037b4482b0 JavaThread "Signal Dispatcher" daemon [_thread_blocked, id=11368, stack(0x00000003af800000,0x00000003af900000)]
  0x000002037b448b70 JavaThread "Attach Listener" daemon [_thread_blocked, id=3560, stack(0x00000003af900000,0x00000003afa00000)]
  0x000002037b449530 JavaThread "Service Thread" daemon [_thread_blocked, id=10044, stack(0x00000003afa00000,0x00000003afb00000)]
  0x000002037b449ef0 JavaThread "C1 CompilerThread0" daemon [_thread_blocked, id=13256, stack(0x00000003afb00000,0x00000003afc00000)]
  0x000002037b46e730 JavaThread "Sweeper thread" daemon [_thread_blocked, id=2168, stack(0x00000003afc00000,0x00000003afd00000)]
  0x000002037b38d190 JavaThread "Common-Cleaner" daemon [_thread_blocked, id=11800, stack(0x00000003afd00000,0x00000003afe00000)]
  0x000002037b7b0b10 JavaThread "Notification Thread" daemon [_thread_blocked, id=7824, stack(0x00000003afe00000,0x00000003aff00000)]
  0x000002037bfe00a0 JavaThread "RMI TCP Accept-0" daemon [_thread_in_native, id=12616, stack(0x00000003b0000000,0x00000003b0100000)]
  0x000002037bfe0870 JavaThread "RMI TCP Accept-0" daemon [_thread_in_native, id=12736, stack(0x00000003b0100000,0x00000003b0200000)]
  0x000002037bfd3020 JavaThread "RMI TCP Accept-55608" daemon [_thread_in_native, id=6352, stack(0x00000003b0200000,0x00000003b0300000)]
  0x000002037bfdc810 JavaThread "RMI TCP Connection(1)-127.0.0.1" daemon [_thread_in_native, id=9348, stack(0x00000003b0300000,0x00000003b0400000)]
  0x000002037bfc2b40 JavaThread "RMI TCP Connection(idle)" daemon [_thread_blocked, id=8316, stack(0x00000003b0400000,0x00000003b0500000)]
  0x000002037bfdf400 JavaThread "RMI Scheduler(0)" daemon [_thread_blocked, id=11244, stack(0x00000003b0600000,0x00000003b0700000)]
  0x000002037c0c2500 JavaThread "RMI TCP Connection(idle)" daemon [_thread_blocked, id=10692, stack(0x00000003b0900000,0x00000003b0a00000)]
=>0x000002037c133700 JavaThread "RMI TCP Connection(4)-127.0.0.1" daemon [_thread_in_vm, id=12540, stack(0x00000003b0a00000,0x00000003b0b00000)]
  0x000002037c133bd0 JavaThread "JMX server connection timeout 23" daemon [_thread_blocked, id=9676, stack(0x00000003b0b00000,0x00000003b0c00000)]
  0x000002037c132d60 JavaThread "Thread-0" [_thread_blocked, id=12820, stack(0x00000003b0c00000,0x00000003b0d00000)]
  0x000002037c134570 JavaThread "restartedMain" [_thread_in_vm, id=12592, stack(0x00000003b0d00000,0x00000003b0e00000)] _threads_hazard_ptr=0x000002037d63d3a0
  0x000002037c1353e0 JavaThread "RMI TCP Connection(5)-127.0.0.1" daemon [_thread_blocked, id=3920, stack(0x00000003b0e00000,0x00000003b0f00000)]
  0x000002037ce45990 JavaThread "JMX server connection timeout 28" daemon [_thread_blocked, id=3232, stack(0x00000003b0700000,0x00000003b0800000)]
  0x000002037ce424a0 JavaThread "JMX server connection timeout 29" daemon [_thread_blocked, id=7716, stack(0x00000003b0800000,0x00000003b0900000)]
  0x000002037ce46cd0 JavaThread "RMI TCP Connection(6)-127.0.0.1" daemon [_thread_in_native, id=2348, stack(0x00000003b0f00000,0x00000003b1000000)]
  0x000002037ce41fd0 JavaThread "Catalina-utility-1" [_thread_blocked, id=13092, stack(0x00000003b1000000,0x00000003b1100000)]
  0x000002037ce43cb0 JavaThread "Catalina-utility-2" [_thread_blocked, id=12692, stack(0x00000003b1100000,0x00000003b1200000)]
  0x000002037ce3fe20 JavaThread "container-0" [_thread_blocked, id=9296, stack(0x00000003b1200000,0x00000003b1300000)]

Other Threads:
  0x000002037b3e54c0 VMThread "VM Thread" [stack: 0x00000003af500000,0x00000003af600000] [id=10780] _threads_hazard_ptr=0x000002037d63d3a0
  0x000002037bfd11c0 WatcherThread [stack: 0x00000003b0500000,0x00000003b0600000] [id=5156]
  0x00000203621e44f0 GCTaskThread "GC Thread#0" [stack: 0x00000003af000000,0x00000003af100000] [id=9528]
  0x000002037b7af7f0 GCTaskThread "GC Thread#1" [stack: 0x00000003aff00000,0x00000003b0000000] [id=12364]
  0x00000203621ec250 ConcurrentGCThread "G1 Main Marker" [stack: 0x00000003af100000,0x00000003af200000] [id=5684]
  0x00000203621ed4f0 ConcurrentGCThread "G1 Conc#0" [stack: 0x00000003af200000,0x00000003af300000] [id=5448]
  0x000002036221ec50 ConcurrentGCThread "G1 Refine#0" [stack: 0x00000003af300000,0x00000003af400000] [id=11612]
  0x000002036221ff00 ConcurrentGCThread "G1 Young RemSet Sampling" [stack: 0x00000003af400000,0x00000003af500000] [id=12212]

Threads with active compile tasks:

VM state: synchronizing (normal execution)

VM Mutex/Monitor currently owned by a thread:  ([mutex/lock_event])
[0x00000203621b1310] Threads_lock - owner thread: 0x000002037b3e54c0

Heap address: 0x00000000c9800000, size: 872 MB, Compressed Oops mode: 32-bit
CDS disabled.
Compressed class space mapped at: 0x0000000100000000-0x0000000140000000, size: 1073741824
Narrow klass base: 0x0000000000000000, Narrow klass shift: 3, Narrow klass range: 0x140000000

GC Precious Log:
 CPUs: 2 total, 2 available
 Memory: 3486M
 Large Page Support: Disabled
 NUMA Support: Disabled
 Compressed Oops: Enabled (32-bit)
 Heap Region Size: 1M
 Heap Min Capacity: 8M
 Heap Initial Capacity: 56M
 Heap Max Capacity: 872M
 Pre-touch: Disabled
 Parallel Workers: 2
 Concurrent Workers: 1
 Concurrent Refinement Workers: 2
 Periodic GC: Disabled

Heap:
 garbage-first heap   total 65536K, used 37489K [0x00000000c9800000, 0x0000000100000000)
  region size 1024K, 16 young (16384K), 4 survivors (4096K)
 Metaspace       used 54542K, capacity 55224K, committed 55296K, reserved 1099776K
  class space    used 7145K, capacity 7375K, committed 7424K, reserved 1048576K

Heap Regions: E=young(eden), S=young(survivor), O=old, HS=humongous(starts), HC=humongous(continues), CS=collection set, F=free, OA=open archive, CA=closed archive, TAMS=top-at-mark-start (previous, next)
|   0|0x00000000c9800000, 0x00000000c9900000, 0x00000000c9900000|100%|HS|  |TAMS 0x00000000c9900000, 0x00000000c9800000| Complete 
|   1|0x00000000c9900000, 0x00000000c9a00000, 0x00000000c9a00000|100%| O|  |TAMS 0x00000000c9a00000, 0x00000000c9900000| Untracked 
|   2|0x00000000c9a00000, 0x00000000c9b00000, 0x00000000c9b00000|100%| O|  |TAMS 0x00000000c9b00000, 0x00000000c9a00000| Untracked 
|   3|0x00000000c9b00000, 0x00000000c9c00000, 0x00000000c9c00000|100%|HS|  |TAMS 0x00000000c9c00000, 0x00000000c9b00000| Complete 
|   4|0x00000000c9c00000, 0x00000000c9d00000, 0x00000000c9d00000|100%| O|  |TAMS 0x00000000c9d00000, 0x00000000c9c00000| Untracked 
|   5|0x00000000c9d00000, 0x00000000c9e00000, 0x00000000c9e00000|100%| O|  |TAMS 0x00000000c9e00000, 0x00000000c9d00000| Untracked 
|   6|0x00000000c9e00000, 0x00000000c9f00000, 0x00000000c9f00000|100%| O|  |TAMS 0x00000000c9f00000, 0x00000000c9e00000| Untracked 
|   7|0x00000000c9f00000, 0x00000000ca000000, 0x00000000ca000000|100%| O|  |TAMS 0x00000000ca000000, 0x00000000c9f00000| Untracked 
|   8|0x00000000ca000000, 0x00000000ca100000, 0x00000000ca100000|100%| O|  |TAMS 0x00000000ca100000, 0x00000000ca000000| Untracked 
|   9|0x00000000ca100000, 0x00000000ca1cb200, 0x00000000ca200000| 79%| O|  |TAMS 0x00000000ca1cb200, 0x00000000ca100000| Untracked 
|  10|0x00000000ca200000, 0x00000000ca300000, 0x00000000ca300000|100%| O|  |TAMS 0x00000000ca300000, 0x00000000ca200000| Untracked 
|  11|0x00000000ca300000, 0x00000000ca400000, 0x00000000ca400000|100%| O|  |TAMS 0x00000000ca400000, 0x00000000ca300000| Untracked 
|  12|0x00000000ca400000, 0x00000000ca500000, 0x00000000ca500000|100%| O|  |TAMS 0x00000000ca500000, 0x00000000ca400000| Untracked 
|  13|0x00000000ca500000, 0x00000000ca600000, 0x00000000ca600000|100%| O|  |TAMS 0x00000000ca600000, 0x00000000ca500000| Untracked 
|  14|0x00000000ca600000, 0x00000000ca700000, 0x00000000ca700000|100%| O|  |TAMS 0x00000000ca700000, 0x00000000ca600000| Untracked 
|  15|0x00000000ca700000, 0x00000000ca800000, 0x00000000ca800000|100%| O|  |TAMS 0x00000000ca800000, 0x00000000ca700000| Untracked 
|  16|0x00000000ca800000, 0x00000000ca900000, 0x00000000ca900000|100%| O|  |TAMS 0x00000000ca800000, 0x00000000ca800000| Untracked 
|  17|0x00000000ca900000, 0x00000000caa00000, 0x00000000caa00000|100%| O|  |TAMS 0x00000000ca900000, 0x00000000ca900000| Untracked 
|  18|0x00000000caa00000, 0x00000000cab00000, 0x00000000cab00000|100%| O|  |TAMS 0x00000000caa00000, 0x00000000caa00000| Untracked 
|  19|0x00000000cab00000, 0x00000000cac00000, 0x00000000cac00000|100%| O|  |TAMS 0x00000000cab00000, 0x00000000cab00000| Untracked 
|  20|0x00000000cac00000, 0x00000000cad00000, 0x00000000cad00000|100%| O|  |TAMS 0x00000000cac00000, 0x00000000cac00000| Untracked 
|  21|0x00000000cad00000, 0x00000000cae00000, 0x00000000cae00000|100%| O|  |TAMS 0x00000000cad00000, 0x00000000cad00000| Untracked 
|  22|0x00000000cae00000, 0x00000000caea0e00, 0x00000000caf00000| 62%| O|  |TAMS 0x00000000cae00000, 0x00000000cae00000| Untracked 
|  23|0x00000000caf00000, 0x00000000caf00000, 0x00000000cb000000|  0%| F|  |TAMS 0x00000000caf00000, 0x00000000caf00000| Untracked 
|  24|0x00000000cb000000, 0x00000000cb000000, 0x00000000cb100000|  0%| F|  |TAMS 0x00000000cb000000, 0x00000000cb000000| Untracked 
|  25|0x00000000cb100000, 0x00000000cb100000, 0x00000000cb200000|  0%| F|  |TAMS 0x00000000cb100000, 0x00000000cb100000| Untracked 
|  26|0x00000000cb200000, 0x00000000cb200000, 0x00000000cb300000|  0%| F|  |TAMS 0x00000000cb200000, 0x00000000cb200000| Untracked 
|  27|0x00000000cb300000, 0x00000000cb300000, 0x00000000cb400000|  0%| F|  |TAMS 0x00000000cb300000, 0x00000000cb300000| Untracked 
|  28|0x00000000cb400000, 0x00000000cb400000, 0x00000000cb500000|  0%| F|  |TAMS 0x00000000cb400000, 0x00000000cb400000| Untracked 
|  29|0x00000000cb500000, 0x00000000cb500000, 0x00000000cb600000|  0%| F|  |TAMS 0x00000000cb500000, 0x00000000cb500000| Untracked 
|  30|0x00000000cb600000, 0x00000000cb600000, 0x00000000cb700000|  0%| F|  |TAMS 0x00000000cb600000, 0x00000000cb600000| Untracked 
|  31|0x00000000cb700000, 0x00000000cb700000, 0x00000000cb800000|  0%| F|  |TAMS 0x00000000cb700000, 0x00000000cb700000| Untracked 
|  32|0x00000000cb800000, 0x00000000cb830720, 0x00000000cb900000| 18%| S|CS|TAMS 0x00000000cb800000, 0x00000000cb800000| Complete 
|  33|0x00000000cb900000, 0x00000000cba00000, 0x00000000cba00000|100%| S|CS|TAMS 0x00000000cb900000, 0x00000000cb900000| Complete 
|  34|0x00000000cba00000, 0x00000000cba00000, 0x00000000cbb00000|  0%| F|  |TAMS 0x00000000cba00000, 0x00000000cba00000| Untracked 
|  35|0x00000000cbb00000, 0x00000000cbc00000, 0x00000000cbc00000|100%| S|CS|TAMS 0x00000000cbb00000, 0x00000000cbb00000| Complete 
|  36|0x00000000cbc00000, 0x00000000cbd00000, 0x00000000cbd00000|100%| S|CS|TAMS 0x00000000cbc00000, 0x00000000cbc00000| Complete 
|  37|0x00000000cbd00000, 0x00000000cbd00000, 0x00000000cbe00000|  0%| F|  |TAMS 0x00000000cbd00000, 0x00000000cbd00000| Untracked 
|  38|0x00000000cbe00000, 0x00000000cbe00000, 0x00000000cbf00000|  0%| F|  |TAMS 0x00000000cbe00000, 0x00000000cbe00000| Untracked 
|  39|0x00000000cbf00000, 0x00000000cbf00000, 0x00000000cc000000|  0%| F|  |TAMS 0x00000000cbf00000, 0x00000000cbf00000| Untracked 
|  40|0x00000000cc000000, 0x00000000cc000000, 0x00000000cc100000|  0%| F|  |TAMS 0x00000000cc000000, 0x00000000cc000000| Untracked 
|  41|0x00000000cc100000, 0x00000000cc100000, 0x00000000cc200000|  0%| F|  |TAMS 0x00000000cc100000, 0x00000000cc100000| Untracked 
|  42|0x00000000cc200000, 0x00000000cc200000, 0x00000000cc300000|  0%| F|  |TAMS 0x00000000cc200000, 0x00000000cc200000| Untracked 
|  43|0x00000000cc300000, 0x00000000cc300000, 0x00000000cc400000|  0%| F|  |TAMS 0x00000000cc300000, 0x00000000cc300000| Untracked 
|  44|0x00000000cc400000, 0x00000000cc400000, 0x00000000cc500000|  0%| F|  |TAMS 0x00000000cc400000, 0x00000000cc400000| Untracked 
|  45|0x00000000cc500000, 0x00000000cc500000, 0x00000000cc600000|  0%| F|  |TAMS 0x00000000cc500000, 0x00000000cc500000| Untracked 
|  46|0x00000000cc600000, 0x00000000cc600000, 0x00000000cc700000|  0%| F|  |TAMS 0x00000000cc600000, 0x00000000cc600000| Untracked 
|  47|0x00000000cc700000, 0x00000000cc700000, 0x00000000cc800000|  0%| F|  |TAMS 0x00000000cc700000, 0x00000000cc700000| Untracked 
|  48|0x00000000cc800000, 0x00000000cc800000, 0x00000000cc900000|  0%| F|  |TAMS 0x00000000cc800000, 0x00000000cc800000| Untracked 
|  49|0x00000000cc900000, 0x00000000cc900000, 0x00000000cca00000|  0%| F|  |TAMS 0x00000000cc900000, 0x00000000cc900000| Untracked 
|  50|0x00000000cca00000, 0x00000000cca00000, 0x00000000ccb00000|  0%| F|  |TAMS 0x00000000cca00000, 0x00000000cca00000| Untracked 
|  51|0x00000000ccb00000, 0x00000000ccb00000, 0x00000000ccc00000|  0%| F|  |TAMS 0x00000000ccb00000, 0x00000000ccb00000| Untracked 
|  52|0x00000000ccc00000, 0x00000000ccc8b478, 0x00000000ccd00000| 54%| E|  |TAMS 0x00000000ccc00000, 0x00000000ccc00000| Complete 
|  53|0x00000000ccd00000, 0x00000000cce00000, 0x00000000cce00000|100%| E|CS|TAMS 0x00000000ccd00000, 0x00000000ccd00000| Complete 
|  54|0x00000000cce00000, 0x00000000ccf00000, 0x00000000ccf00000|100%| E|CS|TAMS 0x00000000cce00000, 0x00000000cce00000| Complete 
|  55|0x00000000ccf00000, 0x00000000cd000000, 0x00000000cd000000|100%| E|CS|TAMS 0x00000000ccf00000, 0x00000000ccf00000| Complete 
|  56|0x00000000cd000000, 0x00000000cd100000, 0x00000000cd100000|100%| E|CS|TAMS 0x00000000cd000000, 0x00000000cd000000| Complete 
|  57|0x00000000cd100000, 0x00000000cd200000, 0x00000000cd200000|100%| E|CS|TAMS 0x00000000cd100000, 0x00000000cd100000| Complete 
|  58|0x00000000cd200000, 0x00000000cd300000, 0x00000000cd300000|100%| E|CS|TAMS 0x00000000cd200000, 0x00000000cd200000| Complete 
|  59|0x00000000cd300000, 0x00000000cd400000, 0x00000000cd400000|100%| E|CS|TAMS 0x00000000cd300000, 0x00000000cd300000| Complete 
|  60|0x00000000cd400000, 0x00000000cd500000, 0x00000000cd500000|100%| E|CS|TAMS 0x00000000cd400000, 0x00000000cd400000| Complete 
|  61|0x00000000cd500000, 0x00000000cd600000, 0x00000000cd600000|100%| E|CS|TAMS 0x00000000cd500000, 0x00000000cd500000| Complete 
|  62|0x00000000cd600000, 0x00000000cd700000, 0x00000000cd700000|100%| E|CS|TAMS 0x00000000cd600000, 0x00000000cd600000| Complete 
|  63|0x00000000cd700000, 0x00000000cd800000, 0x00000000cd800000|100%| E|CS|TAMS 0x00000000cd700000, 0x00000000cd700000| Complete 

Card table byte_map: [0x0000020376990000,0x0000020376b50000] _byte_map_base: 0x0000020376344000

Marking Bits (Prev, Next): (CMBitMap*) 0x00000203621e4bf0, (CMBitMap*) 0x00000203621e4c30
 Prev Bits: [0x0000020376d10000, 0x0000020377ab0000)
 Next Bits: [0x0000020377ab0000, 0x0000020378850000)

Polling page: 0x0000020362280000

Metaspace:

Usage:
  Non-class:     46.73 MB capacity,    46.29 MB (>99%) used,   374.86 KB ( <1%) free+waste,    77.56 KB ( <1%) overhead. 
      Class:      7.20 MB capacity,     6.98 MB ( 97%) used,   198.05 KB (  3%) free+waste,    31.06 KB ( <1%) overhead. 
       Both:     53.93 MB capacity,    53.26 MB ( 99%) used,   572.91 KB (  1%) free+waste,   108.62 KB ( <1%) overhead. 

Virtual space:
  Non-class space:       50.00 MB reserved,      46.75 MB ( 94%) committed 
      Class space:        1.00 GB reserved,       7.25 MB ( <1%) committed 
             Both:        1.05 GB reserved,      54.00 MB (  5%) committed 

Chunk freelists:
   Non-Class:  23.00 KB
       Class:  17.00 KB
        Both:  40.00 KB

MaxMetaspaceSize: 17179869184.00 GB
CompressedClassSpaceSize: 1.00 GB

CodeHeap 'non-profiled nmethods': size=239488Kb used=7579Kb max_used=7579Kb free=231909Kb
 bounds [0x00000203679f0000, 0x0000020368160000, 0x00000203763d0000]
CodeHeap 'non-nmethods': size=6272Kb used=1243Kb max_used=1243Kb free=5028Kb
 bounds [0x00000203673d0000, 0x0000020367640000, 0x00000203679f0000]
 total_blobs=5228 nmethods=4706 adapters=450
 compilation: enabled
              stopped_count=0, restarted_count=0
 full_count=0

Compilation events (20 events):
Event: 44.390 Thread 0x000002037b449ef0 4696       1       sun.rmi.transport.StreamRemoteCall::<init> (35 bytes)
Event: 44.391 Thread 0x000002037b449ef0 nmethod 4696 0x000002036814ef90 code [0x000002036814f120, 0x000002036814f2f8]
Event: 44.391 Thread 0x000002037b449ef0 4697   !   1       sun.rmi.transport.Transport::serviceCall (349 bytes)
Event: 44.408 Thread 0x000002037b449ef0 nmethod 4697 0x000002036814f390 code [0x000002036814f960, 0x00000203681517c8]
Event: 44.408 Thread 0x000002037b449ef0 4698       1       java.rmi.server.ObjID::read (22 bytes)
Event: 44.409 Thread 0x000002037b449ef0 nmethod 4698 0x0000020368153a10 code [0x0000020368153bc0, 0x0000020368153d78]
Event: 44.409 Thread 0x000002037b449ef0 4699       1       java.rmi.server.ObjID::<init> (15 bytes)
Event: 44.410 Thread 0x000002037b449ef0 nmethod 4699 0x0000020368153f10 code [0x00000203681540a0, 0x00000203681541b8]
Event: 44.410 Thread 0x000002037b449ef0 4700  s    1       sun.rmi.transport.Target::incrementCallCount (32 bytes)
Event: 44.410 Thread 0x000002037b449ef0 nmethod 4700 0x0000020368154210 code [0x00000203681543c0, 0x00000203681545e8]
Event: 44.418 Thread 0x000002037b449ef0 4701   !   1       sun.rmi.transport.StreamRemoteCall::releaseOutputStream (60 bytes)
Event: 44.419 Thread 0x000002037b449ef0 nmethod 4701 0x0000020368154710 code [0x0000020368154900, 0x0000020368154bc8]
Event: 44.421 Thread 0x000002037b449ef0 4702  s    1       sun.rmi.transport.Target::decrementCallCount (50 bytes)
Event: 44.422 Thread 0x000002037b449ef0 nmethod 4702 0x0000020368154f90 code [0x0000020368155140, 0x0000020368155398]
Event: 44.422 Thread 0x000002037b449ef0 4703       1       sun.rmi.transport.ConnectionOutputStream::done (15 bytes)
Event: 44.423 Thread 0x000002037b449ef0 nmethod 4703 0x0000020368155490 code [0x0000020368155620, 0x0000020368155708]
Event: 44.423 Thread 0x000002037b449ef0 4704       1       java.util.Arrays::sort (24 bytes)
Event: 44.424 Thread 0x000002037b449ef0 nmethod 4704 0x0000020368155790 code [0x0000020368155920, 0x00000203681559e8]
Event: 44.424 Thread 0x000002037b449ef0 4705       1       java.security.ProtectionDomain$Key::<init> (10 bytes)
Event: 44.425 Thread 0x000002037b449ef0 nmethod 4705 0x0000020368155a90 code [0x0000020368155c20, 0x0000020368155d18]

GC Heap History (20 events):
Event: 24.058 GC heap before
{Heap before GC invocations=13 (full 0):
 garbage-first heap   total 54272K, used 43265K [0x00000000c9800000, 0x0000000100000000)
  region size 1024K, 29 young (29696K), 3 survivors (3072K)
 Metaspace       used 30451K, capacity 30986K, committed 31104K, reserved 1077248K
  class space    used 3540K, capacity 3673K, committed 3712K, reserved 1048576K
}
Event: 24.080 GC heap after
{Heap after GC invocations=14 (full 0):
 garbage-first heap   total 54272K, used 17868K [0x00000000c9800000, 0x0000000100000000)
  region size 1024K, 4 young (4096K), 4 survivors (4096K)
 Metaspace       used 30451K, capacity 30986K, committed 31104K, reserved 1077248K
  class space    used 3540K, capacity 3673K, committed 3712K, reserved 1048576K
}
Event: 26.322 GC heap before
{Heap before GC invocations=14 (full 0):
 garbage-first heap   total 54272K, used 42444K [0x00000000c9800000, 0x0000000100000000)
  region size 1024K, 28 young (28672K), 4 survivors (4096K)
 Metaspace       used 32769K, capacity 33332K, committed 33536K, reserved 1079296K
  class space    used 3886K, capacity 4045K, committed 4096K, reserved 1048576K
}
Event: 26.349 GC heap after
{Heap after GC invocations=15 (full 0):
 garbage-first heap   total 54272K, used 19103K [0x00000000c9800000, 0x0000000100000000)
  region size 1024K, 3 young (3072K), 3 survivors (3072K)
 Metaspace       used 32769K, capacity 33332K, committed 33536K, reserved 1079296K
  class space    used 3886K, capacity 4045K, committed 4096K, reserved 1048576K
}
Event: 28.755 GC heap before
{Heap before GC invocations=15 (full 0):
 garbage-first heap   total 54272K, used 39583K [0x00000000c9800000, 0x0000000100000000)
  region size 1024K, 24 young (24576K), 3 survivors (3072K)
 Metaspace       used 35259K, capacity 35798K, committed 35840K, reserved 1081344K
  class space    used 4272K, capacity 4438K, committed 4480K, reserved 1048576K
}
Event: 28.791 GC heap after
{Heap after GC invocations=16 (full 0):
 garbage-first heap   total 54272K, used 20511K [0x00000000c9800000, 0x0000000100000000)
  region size 1024K, 3 young (3072K), 3 survivors (3072K)
 Metaspace       used 35259K, capacity 35798K, committed 35840K, reserved 1081344K
  class space    used 4272K, capacity 4438K, committed 4480K, reserved 1048576K
}
Event: 31.698 GC heap before
{Heap before GC invocations=17 (full 0):
 garbage-first heap   total 54272K, used 43039K [0x00000000c9800000, 0x0000000100000000)
  region size 1024K, 25 young (25600K), 3 survivors (3072K)
 Metaspace       used 38297K, capacity 38816K, committed 39040K, reserved 1083392K
  class space    used 4703K, capacity 4878K, committed 4992K, reserved 1048576K
}
Event: 31.749 GC heap after
{Heap after GC invocations=18 (full 0):
 garbage-first heap   total 54272K, used 22853K [0x00000000c9800000, 0x0000000100000000)
  region size 1024K, 4 young (4096K), 4 survivors (4096K)
 Metaspace       used 38297K, capacity 38816K, committed 39040K, reserved 1083392K
  class space    used 4703K, capacity 4878K, committed 4992K, reserved 1048576K
}
Event: 31.986 GC heap before
{Heap before GC invocations=18 (full 0):
 garbage-first heap   total 54272K, used 41285K [0x00000000c9800000, 0x0000000100000000)
  region size 1024K, 23 young (23552K), 4 survivors (4096K)
 Metaspace       used 38297K, capacity 38816K, committed 39040K, reserved 1083392K
  class space    used 4703K, capacity 4878K, committed 4992K, reserved 1048576K
}
Event: 32.100 GC heap after
{Heap after GC invocations=19 (full 0):
 garbage-first heap   total 65536K, used 23389K [0x00000000c9800000, 0x0000000100000000)
  region size 1024K, 1 young (1024K), 1 survivors (1024K)
 Metaspace       used 38297K, capacity 38816K, committed 39040K, reserved 1083392K
  class space    used 4703K, capacity 4878K, committed 4992K, reserved 1048576K
}
Event: 32.695 GC heap before
{Heap before GC invocations=19 (full 0):
 garbage-first heap   total 65536K, used 51037K [0x00000000c9800000, 0x0000000100000000)
  region size 1024K, 29 young (29696K), 1 survivors (1024K)
 Metaspace       used 38750K, capacity 39296K, committed 39552K, reserved 1083392K
  class space    used 4742K, capacity 4910K, committed 4992K, reserved 1048576K
}
Event: 32.704 GC heap after
{Heap after GC invocations=20 (full 0):
 garbage-first heap   total 65536K, used 23075K [0x00000000c9800000, 0x0000000100000000)
  region size 1024K, 1 young (1024K), 1 survivors (1024K)
 Metaspace       used 38750K, capacity 39296K, committed 39552K, reserved 1083392K
  class space    used 4742K, capacity 4910K, committed 4992K, reserved 1048576K
}
Event: 32.786 GC heap before
{Heap before GC invocations=20 (full 0):
 garbage-first heap   total 65536K, used 50723K [0x00000000c9800000, 0x0000000100000000)
  region size 1024K, 29 young (29696K), 1 survivors (1024K)
 Metaspace       used 38757K, capacity 39296K, committed 39552K, reserved 1083392K
  class space    used 4743K, capacity 4910K, committed 4992K, reserved 1048576K
}
Event: 32.790 GC heap after
{Heap after GC invocations=21 (full 0):
 garbage-first heap   total 65536K, used 23144K [0x00000000c9800000, 0x0000000100000000)
  region size 1024K, 1 young (1024K), 1 survivors (1024K)
 Metaspace       used 38757K, capacity 39296K, committed 39552K, reserved 1083392K
  class space    used 4743K, capacity 4910K, committed 4992K, reserved 1048576K
}
Event: 34.916 GC heap before
{Heap before GC invocations=21 (full 0):
 garbage-first heap   total 65536K, used 51816K [0x00000000c9800000, 0x0000000100000000)
  region size 1024K, 30 young (30720K), 1 survivors (1024K)
 Metaspace       used 40132K, capacity 40758K, committed 40832K, reserved 1085440K
  class space    used 4960K, capacity 5181K, committed 5248K, reserved 1048576K
}
Event: 34.932 GC heap after
{Heap after GC invocations=22 (full 0):
 garbage-first heap   total 65536K, used 23841K [0x00000000c9800000, 0x0000000100000000)
  region size 1024K, 2 young (2048K), 2 survivors (2048K)
 Metaspace       used 40132K, capacity 40758K, committed 40832K, reserved 1085440K
  class space    used 4960K, capacity 5181K, committed 5248K, reserved 1048576K
}
Event: 38.796 GC heap before
{Heap before GC invocations=22 (full 0):
 garbage-first heap   total 65536K, used 53537K [0x00000000c9800000, 0x0000000100000000)
  region size 1024K, 31 young (31744K), 2 survivors (2048K)
 Metaspace       used 45639K, capacity 46292K, committed 46592K, reserved 1089536K
  class space    used 5835K, capacity 6084K, committed 6144K, reserved 1048576K
}
Event: 38.815 GC heap after
{Heap after GC invocations=23 (full 0):
 garbage-first heap   total 65536K, used 25010K [0x00000000c9800000, 0x0000000100000000)
  region size 1024K, 3 young (3072K), 3 survivors (3072K)
 Metaspace       used 45639K, capacity 46292K, committed 46592K, reserved 1089536K
  class space    used 5835K, capacity 6084K, committed 6144K, reserved 1048576K
}
Event: 42.328 GC heap before
{Heap before GC invocations=23 (full 0):
 garbage-first heap   total 65536K, used 51634K [0x00000000c9800000, 0x0000000100000000)
  region size 1024K, 30 young (30720K), 3 survivors (3072K)
 Metaspace       used 52179K, capacity 52835K, committed 52992K, reserved 1097728K
  class space    used 6804K, capacity 7048K, committed 7168K, reserved 1048576K
}
Event: 42.355 GC heap after
{Heap after GC invocations=24 (full 0):
 garbage-first heap   total 65536K, used 26225K [0x00000000c9800000, 0x0000000100000000)
  region size 1024K, 4 young (4096K), 4 survivors (4096K)
 Metaspace       used 52179K, capacity 52835K, committed 52992K, reserved 1097728K
  class space    used 6804K, capacity 7048K, committed 7168K, reserved 1048576K
}

Deoptimization events (4 events):
Event: 20.709 Thread 0x000002037c134570 DEOPT PACKING pc=0x0000020367e455cc sp=0x00000003b0dfd930
Event: 20.710 Thread 0x000002037c134570 DEOPT UNPACKING pc=0x000002036741df3f sp=0x00000003b0dfce70 mode 0
Event: 26.383 Thread 0x000002037c134570 DEOPT PACKING pc=0x0000020367d8a83c sp=0x00000003b0dfc9e0
Event: 26.383 Thread 0x000002037c134570 DEOPT UNPACKING pc=0x000002036741df3f sp=0x00000003b0dfbf38 mode 0

Classes unloaded (5 events):
Event: 13.468 Thread 0x000002037b3e54c0 Unloading class 0x00000001000db040 'java/lang/invoke/LambdaForm$MH+0x00000001000db040'
Event: 28.878 Thread 0x000002037b3e54c0 Unloading class 0x000000010014d040 'java/lang/invoke/LambdaForm$MH+0x000000010014d040'
Event: 28.879 Thread 0x000002037b3e54c0 Unloading class 0x000000010014f440 'java/lang/invoke/LambdaForm$MH+0x000000010014f440'
Event: 28.879 Thread 0x000002037b3e54c0 Unloading class 0x000000010014f040 'java/lang/invoke/LambdaForm$MH+0x000000010014f040'
Event: 28.879 Thread 0x000002037b3e54c0 Unloading class 0x000000010014a440 'java/lang/invoke/LambdaForm$MH+0x000000010014a440'

Classes redefined (0 events):
No events

Internal exceptions (20 events):
Event: 44.411 Thread 0x000002037c1353e0 Exception <a 'java/lang/ClassNotFoundException'{0x00000000ccd86870}: org/springframework/context/support/LiveBeansView> (0x00000000ccd86870) 
thrown [./open/src/hotspot/share/classfile/systemDictionary.cpp, line 295]
Event: 44.411 Thread 0x000002037c1353e0 Exception <a 'java/lang/ClassNotFoundException'{0x00000000ccd86c30}: org/springframework/context/support/LiveBeansView> (0x00000000ccd86c30) 
thrown [./open/src/hotspot/share/classfile/systemDictionary.cpp, line 295]
Event: 44.411 Thread 0x000002037c1353e0 Exception <a 'java/lang/ClassNotFoundException'{0x00000000ccd86fd8}: org/springframework/context/support/LiveBeansView> (0x00000000ccd86fd8) 
thrown [./open/src/hotspot/share/classfile/systemDictionary.cpp, line 295]
Event: 44.411 Thread 0x000002037c1353e0 Exception <a 'java/lang/ClassNotFoundException'{0x00000000ccd87398}: org/springframework/context/support/LiveBeansView> (0x00000000ccd87398) 
thrown [./open/src/hotspot/share/classfile/systemDictionary.cpp, line 295]
Event: 44.411 Thread 0x000002037c1353e0 Exception <a 'java/lang/ClassNotFoundException'{0x00000000ccd87750}: org/springframework/context/support/LiveBeansView> (0x00000000ccd87750) 
thrown [./open/src/hotspot/share/classfile/systemDictionary.cpp, line 295]
Event: 44.411 Thread 0x000002037c1353e0 Exception <a 'java/lang/ClassNotFoundException'{0x00000000ccd87b00}: org/springframework/context/support/LiveBeansView> (0x00000000ccd87b00) 
thrown [./open/src/hotspot/share/classfile/systemDictionary.cpp, line 295]
Event: 44.412 Thread 0x000002037c1353e0 Exception <a 'java/lang/ClassNotFoundException'{0x00000000ccd87ec0}: org/springframework/context/support/LiveBeansView> (0x00000000ccd87ec0) 
thrown [./open/src/hotspot/share/classfile/systemDictionary.cpp, line 295]
Event: 44.412 Thread 0x000002037c1353e0 Exception <a 'java/lang/ClassNotFoundException'{0x00000000ccd88280}: org/springframework/context/support/LiveBeansView> (0x00000000ccd88280) 
thrown [./open/src/hotspot/share/classfile/systemDictionary.cpp, line 295]
Event: 44.412 Thread 0x000002037c1353e0 Exception <a 'java/lang/ClassNotFoundException'{0x00000000ccd88640}: org/springframework/context/support/LiveBeansView> (0x00000000ccd88640) 
thrown [./open/src/hotspot/share/classfile/systemDictionary.cpp, line 295]
Event: 44.412 Thread 0x000002037c1353e0 Exception <a 'java/lang/ClassNotFoundException'{0x00000000ccd889e0}: org/springframework/context/support/LiveBeansView> (0x00000000ccd889e0) 
thrown [./open/src/hotspot/share/classfile/systemDictionary.cpp, line 295]
Event: 44.412 Thread 0x000002037c1353e0 Exception <a 'java/lang/ClassNotFoundException'{0x00000000ccd88d98}: org/springframework/context/support/LiveBeansView> (0x00000000ccd88d98) 
thrown [./open/src/hotspot/share/classfile/systemDictionary.cpp, line 295]
Event: 44.412 Thread 0x000002037c1353e0 Exception <a 'java/lang/ClassNotFoundException'{0x00000000ccd89140}: org/springframework/context/support/LiveBeansView> (0x00000000ccd89140) 
thrown [./open/src/hotspot/share/classfile/systemDictionary.cpp, line 295]
Event: 44.417 Thread 0x000002037ce46cd0 Exception <a 'java/lang/ClassNotFoundException'{0x00000000ccddc668}: org/springframework/context/support/LiveBeansView> (0x00000000ccddc668) 
thrown [./open/src/hotspot/share/classfile/systemDictionary.cpp, line 295]
Event: 44.417 Thread 0x000002037ce46cd0 Exception <a 'java/lang/ClassNotFoundException'{0x00000000ccddca30}: org/springframework/context/support/LiveBeansView> (0x00000000ccddca30) 
thrown [./open/src/hotspot/share/classfile/systemDictionary.cpp, line 295]
Event: 44.417 Thread 0x000002037ce46cd0 Exception <a 'java/lang/ClassNotFoundException'{0x00000000ccddcde0}: org/springframework/context/support/LiveBeansView> (0x00000000ccddcde0) 
thrown [./open/src/hotspot/share/classfile/systemDictionary.cpp, line 295]
Event: 44.417 Thread 0x000002037ce46cd0 Exception <a 'java/lang/ClassNotFoundException'{0x00000000ccddd190}: org/springframework/context/support/LiveBeansView> (0x00000000ccddd190) 
thrown [./open/src/hotspot/share/classfile/systemDictionary.cpp, line 295]
Event: 44.419 Thread 0x000002037c1353e0 Exception <a 'java/lang/ClassNotFoundException'{0x00000000ccdf4d78}: org/springframework/context/support/LiveBeansView> (0x00000000ccdf4d78) 
thrown [./open/src/hotspot/share/classfile/systemDictionary.cpp, line 295]
Event: 44.419 Thread 0x000002037c1353e0 Exception <a 'java/lang/ClassNotFoundException'{0x00000000ccdf5440}: org/springframework/context/support/LiveBeansView> (0x00000000ccdf5440) 
thrown [./open/src/hotspot/share/classfile/systemDictionary.cpp, line 295]
Event: 44.419 Thread 0x000002037c1353e0 Exception <a 'java/lang/ClassNotFoundException'{0x00000000ccdf57f0}: org/springframework/context/support/LiveBeansView> (0x00000000ccdf57f0) 
thrown [./open/src/hotspot/share/classfile/systemDictionary.cpp, line 295]
Event: 44.419 Thread 0x000002037c1353e0 Exception <a 'java/lang/ClassNotFoundException'{0x00000000ccdf5ba0}: org/springframework/context/support/LiveBeansView> (0x00000000ccdf5ba0) 
thrown [./open/src/hotspot/share/classfile/systemDictionary.cpp, line 295]

Events (20 events):
Event: 43.438 loading class java/net/Proxy
Event: 43.438 loading class java/net/Proxy done
Event: 43.438 loading class java/net/Proxy$Type
Event: 43.438 loading class java/net/Proxy$Type done
Event: 43.438 loading class sun/net/spi/DefaultProxySelector$1
Event: 43.440 loading class sun/net/spi/DefaultProxySelector$1 done
Event: 43.441 loading class sun/net/spi/DefaultProxySelector$NonProxyInfo
Event: 43.441 loading class sun/net/spi/DefaultProxySelector$NonProxyInfo done
Event: 43.441 loading class sun/net/spi/DefaultProxySelector$3
Event: 43.442 loading class sun/net/spi/DefaultProxySelector$3 done
Event: 43.502 loading class java/text/ParsePosition
Event: 43.507 loading class java/text/ParsePosition done
Event: 43.518 loading class sun/net/ConnectionResetException
Event: 43.518 loading class sun/net/ConnectionResetException done
Event: 43.522 loading class java/util/concurrent/atomic/AtomicReferenceFieldUpdater
Event: 43.526 loading class java/util/concurrent/atomic/AtomicReferenceFieldUpdater done
Event: 43.526 loading class java/util/concurrent/atomic/AtomicReferenceFieldUpdater$AtomicReferenceFieldUpdaterImpl
Event: 43.527 loading class java/util/concurrent/atomic/AtomicReferenceFieldUpdater$AtomicReferenceFieldUpdaterImpl done
Event: 43.527 loading class java/util/concurrent/atomic/AtomicReferenceFieldUpdater$AtomicReferenceFieldUpdaterImpl$1
Event: 43.528 loading class java/util/concurrent/atomic/AtomicReferenceFieldUpdater$AtomicReferenceFieldUpdaterImpl$1 done


Dynamic libraries:
0x00007ff6ad720000 - 0x00007ff6ad72d000 	C:\Software\STS\sts-4.9.0.RELEASE\plugins\org.eclipse.justj.openjdk.hotspot.jre.full.win32.x86_64_15.0.1.v20201027-0507\jre\bin\javaw.exe
0x00007ffa31450000 - 0x00007ffa31645000 	C:\WINDOWS\SYSTEM32\ntdll.dll
0x00007ffa31350000 - 0x00007ffa3140d000 	C:\WINDOWS\System32\KERNEL32.DLL
0x00007ffa2f1f0000 - 0x00007ffa2f4b8000 	C:\WINDOWS\System32\KERNELBASE.dll
0x00007ffa2efb0000 - 0x00007ffa2f0b0000 	C:\WINDOWS\System32\ucrtbase.dll
0x00007ffa24c20000 - 0x00007ffa24c38000 	C:\Software\STS\sts-4.9.0.RELEASE\plugins\org.eclipse.justj.openjdk.hotspot.jre.full.win32.x86_64_15.0.1.v20201027-0507\jre\bin\jli.dll
0x00007ffa30980000 - 0x00007ffa30b20000 	C:\WINDOWS\System32\USER32.dll
0x00007ffa2eb90000 - 0x00007ffa2ebb2000 	C:\WINDOWS\System32\win32u.dll
0x00007ffa2fae0000 - 0x00007ffa2fb0a000 	C:\WINDOWS\System32\GDI32.dll
0x00007ffa2ebc0000 - 0x00007ffa2eccb000 	C:\WINDOWS\System32\gdi32full.dll
0x00007ffa2ecd0000 - 0x00007ffa2ed6d000 	C:\WINDOWS\System32\msvcp_win.dll
0x00007ffa24c00000 - 0x00007ffa24c19000 	C:\Software\STS\sts-4.9.0.RELEASE\plugins\org.eclipse.justj.openjdk.hotspot.jre.full.win32.x86_64_15.0.1.v20201027-0507\jre\bin\VCRUNTIME140.dll
0x00007ffa15e50000 - 0x00007ffa160ea000 	C:\WINDOWS\WinSxS\amd64_microsoft.windows.common-controls_6595b64144ccf1df_6.0.19041.1052_none_60b8f8fd71f5e8cb\COMCTL32.dll
0x00007ffa2fee0000 - 0x00007ffa2ff7e000 	C:\WINDOWS\System32\msvcrt.dll
0x00007ffa31210000 - 0x00007ffa31240000 	C:\WINDOWS\System32\IMM32.DLL
0x00007ffa27f60000 - 0x00007ffa27f6c000 	C:\Software\STS\sts-4.9.0.RELEASE\plugins\org.eclipse.justj.openjdk.hotspot.jre.full.win32.x86_64_15.0.1.v20201027-0507\jre\bin\vcruntime140_1.dll
0x00007ff9ef190000 - 0x00007ff9ef221000 	C:\Software\STS\sts-4.9.0.RELEASE\plugins\org.eclipse.justj.openjdk.hotspot.jre.full.win32.x86_64_15.0.1.v20201027-0507\jre\bin\msvcp140.dll
0x00007ff9dc490000 - 0x00007ff9dcfee000 	C:\Software\STS\sts-4.9.0.RELEASE\plugins\org.eclipse.justj.openjdk.hotspot.jre.full.win32.x86_64_15.0.1.v20201027-0507\jre\bin\server\jvm.dll
0x00007ffa2ff80000 - 0x00007ffa3002c000 	C:\WINDOWS\System32\ADVAPI32.dll
0x00007ffa31100000 - 0x00007ffa3119b000 	C:\WINDOWS\System32\sechost.dll
0x00007ffa2f9b0000 - 0x00007ffa2fadb000 	C:\WINDOWS\System32\RPCRT4.dll
0x00007ffa311a0000 - 0x00007ffa311a8000 	C:\WINDOWS\System32\PSAPI.DLL
0x00007ffa0fae0000 - 0x00007ffa0fae9000 	C:\WINDOWS\SYSTEM32\WSOCK32.dll
0x00007ffa30030000 - 0x00007ffa3009b000 	C:\WINDOWS\System32\WS2_32.dll
0x00007ffa21cd0000 - 0x00007ffa21cf7000 	C:\WINDOWS\SYSTEM32\WINMM.dll
0x00007ffa21d00000 - 0x00007ffa21d0a000 	C:\WINDOWS\SYSTEM32\VERSION.dll
0x00007ffa2d770000 - 0x00007ffa2d782000 	C:\WINDOWS\SYSTEM32\kernel.appcore.dll
0x00007ffa27970000 - 0x00007ffa2797a000 	C:\Software\STS\sts-4.9.0.RELEASE\plugins\org.eclipse.justj.openjdk.hotspot.jre.full.win32.x86_64_15.0.1.v20201027-0507\jre\bin\jimage.dll
0x00007ffa2d260000 - 0x00007ffa2d444000 	C:\WINDOWS\SYSTEM32\DBGHELP.DLL
0x00007ffa162d0000 - 0x00007ffa162fc000 	C:\WINDOWS\SYSTEM32\dbgcore.DLL
0x00007ffa2ed70000 - 0x00007ffa2edf3000 	C:\WINDOWS\System32\bcryptPrimitives.dll
0x00007ff9f05b0000 - 0x00007ff9f05d5000 	C:\Software\STS\sts-4.9.0.RELEASE\plugins\org.eclipse.justj.openjdk.hotspot.jre.full.win32.x86_64_15.0.1.v20201027-0507\jre\bin\java.dll
0x00007ff9f25d0000 - 0x00007ff9f25e8000 	C:\Software\STS\sts-4.9.0.RELEASE\plugins\org.eclipse.justj.openjdk.hotspot.jre.full.win32.x86_64_15.0.1.v20201027-0507\jre\bin\zip.dll
0x00007ffa301c0000 - 0x00007ffa308ff000 	C:\WINDOWS\System32\SHELL32.dll
0x00007ffa2c940000 - 0x00007ffa2d0d0000 	C:\WINDOWS\SYSTEM32\windows.storage.dll
0x00007ffa30b20000 - 0x00007ffa30e75000 	C:\WINDOWS\System32\combase.dll
0x00007ffa2e530000 - 0x00007ffa2e55c000 	C:\WINDOWS\SYSTEM32\Wldp.dll
0x00007ffa2fd20000 - 0x00007ffa2fdce000 	C:\WINDOWS\System32\SHCORE.dll
0x00007ffa311b0000 - 0x00007ffa31205000 	C:\WINDOWS\System32\shlwapi.dll
0x00007ffa2ead0000 - 0x00007ffa2eaef000 	C:\WINDOWS\SYSTEM32\profapi.dll
0x00007ffa25500000 - 0x00007ffa25519000 	C:\Software\STS\sts-4.9.0.RELEASE\plugins\org.eclipse.justj.openjdk.hotspot.jre.full.win32.x86_64_15.0.1.v20201027-0507\jre\bin\net.dll
0x00007ffa1e010000 - 0x00007ffa1e11b000 	C:\WINDOWS\SYSTEM32\WINHTTP.dll
0x00007ffa2e2a0000 - 0x00007ffa2e30a000 	C:\WINDOWS\system32\mswsock.dll
0x00007ffa03c10000 - 0x00007ffa03c22000 	C:\Software\STS\sts-4.9.0.RELEASE\plugins\org.eclipse.justj.openjdk.hotspot.jre.full.win32.x86_64_15.0.1.v20201027-0507\jre\bin\nio.dll
0x00007ffa254f0000 - 0x00007ffa254f9000 	C:\Software\STS\sts-4.9.0.RELEASE\plugins\org.eclipse.justj.openjdk.hotspot.jre.full.win32.x86_64_15.0.1.v20201027-0507\jre\bin\management.dll
0x00007ffa2dfc0000 - 0x00007ffa2e08c000 	C:\WINDOWS\SYSTEM32\DNSAPI.dll
0x00007ffa2df70000 - 0x00007ffa2dfab000 	C:\WINDOWS\SYSTEM32\IPHLPAPI.DLL
0x00007ffa2fe70000 - 0x00007ffa2fe78000 	C:\WINDOWS\System32\NSI.dll
0x00007ffa1d8e0000 - 0x00007ffa1d8ea000 	C:\Windows\System32\rasadhlp.dll
0x00007ffa22b30000 - 0x00007ffa22baf000 	C:\WINDOWS\System32\fwpuclnt.dll
0x00007ffa2f160000 - 0x00007ffa2f187000 	C:\WINDOWS\System32\bcrypt.dll
0x00007ffa1f560000 - 0x00007ffa1f56b000 	C:\Software\STS\sts-4.9.0.RELEASE\plugins\org.eclipse.justj.openjdk.hotspot.jre.full.win32.x86_64_15.0.1.v20201027-0507\jre\bin\management_ext.dll
0x00007ffa26dc0000 - 0x00007ffa26dd7000 	C:\WINDOWS\system32\napinsp.dll
0x00007ffa26b80000 - 0x00007ffa26b9b000 	C:\WINDOWS\system32\pnrpnsp.dll
0x00007ffa2e470000 - 0x00007ffa2e488000 	C:\WINDOWS\SYSTEM32\CRYPTSP.dll
0x00007ffa2dc10000 - 0x00007ffa2dc44000 	C:\WINDOWS\system32\rsaenh.dll
0x00007ffa2ea90000 - 0x00007ffa2eabe000 	C:\WINDOWS\SYSTEM32\USERENV.dll
0x00007ffa2e490000 - 0x00007ffa2e49c000 	C:\WINDOWS\SYSTEM32\CRYPTBASE.dll
0x00007ffa28370000 - 0x00007ffa28385000 	C:\WINDOWS\system32\wshbth.dll
0x00007ffa2a1c0000 - 0x00007ffa2a1dd000 	C:\WINDOWS\system32\NLAapi.dll
0x00007ffa1d860000 - 0x00007ffa1d872000 	C:\WINDOWS\System32\winrnr.dll
0x00007ffa24050000 - 0x00007ffa24067000 	C:\WINDOWS\SYSTEM32\dhcpcsvc6.DLL
0x00007ffa24090000 - 0x00007ffa240ad000 	C:\WINDOWS\SYSTEM32\dhcpcsvc.DLL
0x00007ffa27980000 - 0x00007ffa27990000 	C:\Software\STS\sts-4.9.0.RELEASE\plugins\org.eclipse.justj.openjdk.hotspot.jre.full.win32.x86_64_15.0.1.v20201027-0507\jre\bin\verify.dll

dbghelp: loaded successfully - version: 4.0.5 - missing functions: none
symbol engine: initialized successfully - sym options: 0x614 - pdb path: .;C:\Software\STS\sts-4.9.0.RELEASE\plugins\org.eclipse.justj.openjdk.hotspot.jre.full.win32.x86_64_15.0.1.v20201027-0507\jre\bin;C:\WINDOWS\SYSTEM32;C:\WINDOWS\WinSxS\amd64_microsoft.windows.common-controls_6595b64144ccf1df_6.0.19041.1052_none_60b8f8fd71f5e8cb;C:\Software\STS\sts-4.9.0.RELEASE\plugins\org.eclipse.justj.openjdk.hotspot.jre.full.win32.x86_64_15.0.1.v20201027-0507\jre\bin\server

VM Arguments:
jvm_args: -Dcom.sun.management.jmxremote -Dcom.sun.management.jmxremote.port=55608 -Dcom.sun.management.jmxremote.authenticate=false -Dcom.sun.management.jmxremote.ssl=false -Djava.rmi.server.hostname=localhost -Dspring.jmx.enabled=true -Dspring.application.admin.enabled=true -XX:TieredStopAtLevel=1 -Dspring.boot.project.name=es.dispatcher.qubist.prc.service -Dfile.encoding=UTF-8 -XX:+ShowCodeDetailsInExceptionMessages 
java_command: com.dispatcher.Application --spring.output.ansi.enabled=always
java_class_path (initial): D:\Camunda\new\es.dispatcher.qubist.prc.service\target\classes;C:\Users\LL\.m2\repository\org\springframework\boot\spring-boot-starter-mail\2.4.4\spring-boot-starter-mail-2.4.4.jar;C:\Users\LL\.m2\repository\org\springframework\boot\spring-boot-starter\2.4.4\spring-boot-starter-2.4.4.jar;C:\Users\LL\.m2\repository\org\springframework\boot\spring-boot-starter-logging\2.4.4\spring-boot-starter-logging-2.4.4.jar;C:\Users\LL\.m2\repository\ch\qos\logback\logback-classic\1.2.3\logback-classic-1.2.3.jar;C:\Users\LL\.m2\repository\ch\qos\logback\logback-core\1.2.3\logback-core-1.2.3.jar;C:\Users\LL\.m2\repository\org\apache\logging\log4j\log4j-to-slf4j\2.13.3\log4j-to-slf4j-2.13.3.jar;C:\Users\LL\.m2\repository\org\apache\logging\log4j\log4j-api\2.13.3\log4j-api-2.13.3.jar;C:\Users\LL\.m2\repository\org\slf4j\jul-to-slf4j\1.7.30\jul-to-slf4j-1.7.30.jar;C:\Users\LL\.m2\repository\jakarta\annotation\jakarta.annotation-api\1.3.5\jakarta.annotation-api-1.3.5.jar;C:\Users\LL\.m2\repository\org\yaml\snakeyaml\1.27\snakeyaml-1.27.jar;C:\Users\LL\.m2\repository\org\springframework\spring-context-support\5.3.5\spring-context-support-5.3.5.jar;C:\Users\LL\.m2\repository\org\springframework\spring-beans\5.3.5\spring-beans-5.3.5.jar;C:\Users\LL\.m2\repository\org\springframework\spring-context\5.3.5\spring-context-5.3.5.jar;C:\Users\LL\.m2\repository\com\sun\mail\jakarta.mail\1.6.6\jakarta.mail-1.6.6.jar;C:\Users\LL\.m2\repository\com\sun\activation\jakarta.activation\1.2.2\jakarta.activation-1.2.2.jar;C:\Users\LL\.m2\repository\org\springframework\boot\spring-boot-starter-web\2.4.4\spring-boot-starter-web-2.4.4.jar;C:\Users\LL\.m2\repository\org\springframework\boot\spring-boot-starter-json\2.4.4\spring-boot-starter-json-2.4.4.jar;C:\Users\LL\.m2\repository\com\fasterxml\jackson\core\jackson-databind\2.11.4\jackson-databind-2.11.4.jar;C:\Users\LL\.m2\repository\com\fasterxml\jackson\core\jackson-annotations\2.11.4\jackson-annotations-2.11.4.jar;C:\Users\L
Launcher Type: SUN_STANDARD

[Global flags]
     intx CICompilerCount                          = 2                                         {product} {ergonomic}
     uint ConcGCThreads                            = 1                                         {product} {ergonomic}
     uint G1ConcRefinementThreads                  = 2                                         {product} {ergonomic}
   size_t G1HeapRegionSize                         = 1048576                                   {product} {ergonomic}
    uintx GCDrainStackTargetSize                   = 64                                        {product} {ergonomic}
   size_t InitialHeapSize                          = 58720256                                  {product} {ergonomic}
     bool ManagementServer                         = true                                      {product} {command line}
   size_t MarkStackSize                            = 4194304                                   {product} {ergonomic}
   size_t MaxHeapSize                              = 914358272                                 {product} {ergonomic}
   size_t MaxNewSize                               = 548405248                                 {product} {ergonomic}
   size_t MinHeapDeltaBytes                        = 1048576                                   {product} {ergonomic}
   size_t MinHeapSize                              = 8388608                                   {product} {ergonomic}
    uintx NonNMethodCodeHeapSize                   = 6396312                                {pd product} {ergonomic}
    uintx NonProfiledCodeHeapSize                  = 245261928                              {pd product} {ergonomic}
    uintx ProfiledCodeHeapSize                     = 0                                      {pd product} {ergonomic}
    uintx ReservedCodeCacheSize                    = 251658240                              {pd product} {ergonomic}
     bool SegmentedCodeCache                       = true                                      {product} {ergonomic}
     bool ShowCodeDetailsInExceptionMessages       = true                                   {manageable} {command line}
   size_t SoftMaxHeapSize                          = 914358272                              {manageable} {ergonomic}
     intx TieredStopAtLevel                        = 1                                         {product} {command line}
     bool UseCompressedClassPointers               = true                                 {lp64_product} {ergonomic}
     bool UseCompressedOops                        = true                                 {lp64_product} {ergonomic}
     bool UseG1GC                                  = true                                      {product} {ergonomic}
     bool UseLargePagesIndividualAllocation        = false                                  {pd product} {ergonomic}

Logging:
Log output configuration:
 #0: stdout all=warning uptime,level,tags
 #1: stderr all=off uptime,level,tags

Environment Variables:
JAVA_HOME=C:\Program Files\Java\jdk-11.0.11
PATH=C:/Software/STS/sts-4.9.0.RELEASE//plugins/org.eclipse.justj.openjdk.hotspot.jre.full.win32.x86_64_15.0.1.v20201027-0507/jre/bin/server;C:/Software/STS/sts-4.9.0.RELEASE//plugins/org.eclipse.justj.openjdk.hotspot.jre.full.win32.x86_64_15.0.1.v20201027-0507/jre/bin;C:\Program Files\Java\jdk-11.0.11\bin;;C:\Program Files\Docker\Docker\resources\bin;C:\ProgramData\DockerDesktop\version-bin;C:\Software\apache-maven-3.8.1-bin\apache-maven-3.8.1\bin;C:\Software\STS\sts-4.9.0.RELEASE;
USERNAME=LL
OS=Windows_NT
PROCESSOR_IDENTIFIER=AMD64 Family 21 Model 112 Stepping 0, AuthenticAMD



---------------  S Y S T E M  ---------------

OS:
 Windows 10 , 64 bit Build 19041 (10.0.19041.1023)
OS uptime: 0 days 9:55 hours
HyperV virtualization detected

CPU: total 2 (initial active 2) (2 cores per cpu, 1 threads per core) family 21 model 112 stepping 0 microcode 0x0, cmov, cx8, fxsr, mmx, sse, sse2, sse3, ssse3, sse4.1, sse4.2, popcnt, vzeroupper, avx, avx2, aes, clmul, 3dnowpref, lzcnt, sse4a, tsc, tscinvbit, tscinv, bmi1, bmi2, fma, clflush

Memory: 4k page, system-wide physical 3486M (150M free)
TotalPageFile size 10781M (AvailPageFile size 0M)
current process WorkingSet (physical memory assigned to process): 185M, peak: 185M
current process commit charge ("private bytes"): 215M, peak: 215M

vm_info: OpenJDK 64-Bit Server VM (15.0.1+9-18) for windows-amd64 JRE (15.0.1+9-18), built on Sep 15 2020 14:39:31 by "mach5one" with unknown MS VC++:1925

END.
